Building DAG of jobs...
Using shell: /bin/bash
Provided cores: 1 (use --cores to define parallelism)
Rules claiming more threads will be scaled down.
Job stats:
job         count
--------  -------
all             1
analyze         1
download        1
process         1
total           4

Select jobs to execute...

[Thu Apr  9 17:47:45 2026]
rule download:
    output: data/raw/sales.csv
    jobid: 3
    reason: Missing output files: data/raw/sales.csv
    resources: tmpdir=/var/folders/bz/nmt8pzlx4w557g8gslkjvj3w0000gn/T

[Thu Apr  9 17:47:51 2026]
Finished job 3.
1 of 4 steps (25%) done
Select jobs to execute...

[Thu Apr  9 17:47:51 2026]
rule process:
    input: data/raw/sales.csv
    output: data/processed/sales_clean.csv
    jobid: 2
    reason: Missing output files: data/processed/sales_clean.csv; Input files updated by another job: data/raw/sales.csv
    resources: tmpdir=/var/folders/bz/nmt8pzlx4w557g8gslkjvj3w0000gn/T

[Thu Apr  9 17:47:52 2026]
Finished job 2.
2 of 4 steps (50%) done
Select jobs to execute...

[Thu Apr  9 17:47:52 2026]
rule analyze:
    input: data/processed/sales_clean.csv
    output: reports/revenue_by_category.png
    jobid: 1
    reason: Missing output files: reports/revenue_by_category.png; Input files updated by another job: data/processed/sales_clean.csv
    resources: tmpdir=/var/folders/bz/nmt8pzlx4w557g8gslkjvj3w0000gn/T

[Thu Apr  9 17:47:56 2026]
Finished job 1.
3 of 4 steps (75%) done
Select jobs to execute...

[Thu Apr  9 17:47:56 2026]
localrule all:
    input: reports/revenue_by_category.png
    jobid: 0
    reason: Input files updated by another job: reports/revenue_by_category.png
    resources: tmpdir=/var/folders/bz/nmt8pzlx4w557g8gslkjvj3w0000gn/T

[Thu Apr  9 17:47:56 2026]
Finished job 0.
4 of 4 steps (100%) done
Complete log: .snakemake/log/2026-04-09T174745.350056.snakemake.log
